# JRE version: OpenJDK Runtime Environment Temurin-11.0.17+8 (11.0.17+8) (build 11.0.17+8)
# Java VM: OpenJDK 64-Bit Server VM Temurin-11.0.17+8 (11.0.17+8, mixed mode, tiered, compressed oops, g1 gc, windows-amd64)
Heap:
 garbage-first heap   total 769024K, used 271467K [0x0000000080000000, 0x0000000100000000)
  region size 1024K, 8 young (8192K), 8 survivors (8192K)
 Metaspace       used 140832K, capacity 145602K, committed 146000K, reserved 643072K
  class space    used 18103K, capacity 20021K, committed 20224K, reserved 516096K
GC Heap History (20 events):
Event: 77.881 GC heap after
{Heap after GC invocations=93 (full 0):
 garbage-first heap   total 262144K, used 213874K [0x0000000080000000, 0x0000000100000000)
  region size 1024K, 3 young (3072K), 3 survivors (3072K)
 Metaspace       used 131873K, capacity 136184K, committed 136528K, reserved 634880K
  class space    used 16849K, capacity 18561K, committed 18688K, reserved 516096K
}
Event: 78.048 GC heap before
{Heap before GC invocations=93 (full 0):
 garbage-first heap   total 262144K, used 226162K [0x0000000080000000, 0x0000000100000000)
  region size 1024K, 16 young (16384K), 3 survivors (3072K)
 Metaspace       used 131914K, capacity 136174K, committed 136528K, reserved 634880K
  class space    used 16841K, capacity 18532K, committed 18688K, reserved 516096K
}
Event: 78.063 GC heap after
{Heap after GC invocations=94 (full 0):
 garbage-first heap   total 262144K, used 217788K [0x0000000080000000, 0x0000000100000000)
  region size 1024K, 2 young (2048K), 2 survivors (2048K)
 Metaspace       used 131914K, capacity 136174K, committed 136528K, reserved 634880K
  class space    used 16841K, capacity 18532K, committed 18688K, reserved 516096K
}
Event: 78.152 GC heap before
{Heap before GC invocations=94 (full 0):
 garbage-first heap   total 262144K, used 227004K [0x0000000080000000, 0x0000000100000000)
  region size 1024K, 12 young (12288K), 2 survivors (2048K)
 Metaspace       used 131950K, capacity 136239K, committed 136528K, reserved 634880K
  class space    used 16845K, capacity 18532K, committed 18688K, reserved 516096K
}
Event: 78.165 GC heap after
{Heap after GC invocations=95 (full 0):
 garbage-first heap   total 319488K, used 220379K [0x0000000080000000, 0x0000000100000000)
  region size 1024K, 2 young (2048K), 2 survivors (2048K)
 Metaspace       used 131950K, capacity 136239K, committed 136528K, reserved 634880K
  class space    used 16845K, capacity 18532K, committed 18688K, reserved 516096K
}
Event: 78.446 GC heap before
{Heap before GC invocations=96 (full 0):
 garbage-first heap   total 319488K, used 253147K [0x0000000080000000, 0x0000000100000000)
  region size 1024K, 35 young (35840K), 2 survivors (2048K)
 Metaspace       used 133441K, capacity 137795K, committed 137936K, reserved 636928K
  class space    used 17055K, capacity 18772K, committed 18816K, reserved 516096K
}
Event: 78.457 GC heap after
{Heap after GC invocations=97 (full 0):
 garbage-first heap   total 319488K, used 226979K [0x0000000080000000, 0x0000000100000000)
  region size 1024K, 5 young (5120K), 5 survivors (5120K)
 Metaspace       used 133441K, capacity 137795K, committed 137936K, reserved 636928K
  class space    used 17055K, capacity 18772K, committed 18816K, reserved 516096K
}
Event: 78.578 GC heap before
{Heap before GC invocations=97 (full 0):
 garbage-first heap   total 319488K, used 258723K [0x0000000080000000, 0x0000000100000000)
  region size 1024K, 37 young (37888K), 5 survivors (5120K)
 Metaspace       used 134021K, capacity 138435K, committed 138576K, reserved 636928K
  class space    used 17155K, capacity 18926K, committed 18944K, reserved 516096K
}
Event: 78.594 GC heap after
{Heap after GC invocations=98 (full 0):
 garbage-first heap   total 319488K, used 233057K [0x0000000080000000, 0x0000000100000000)
  region size 1024K, 5 young (5120K), 5 survivors (5120K)
 Metaspace       used 134021K, capacity 138435K, committed 138576K, reserved 636928K
  class space    used 17155K, capacity 18926K, committed 18944K, reserved 516096K
}
Event: 78.827 GC heap before
{Heap before GC invocations=98 (full 0):
 garbage-first heap   total 319488K, used 264801K [0x0000000080000000, 0x0000000100000000)
  region size 1024K, 36 young (36864K), 5 survivors (5120K)
 Metaspace       used 134753K, capacity 139392K, committed 139472K, reserved 636928K
  class space    used 17332K, capacity 19249K, committed 19328K, reserved 516096K
}
Event: 78.840 GC heap after
{Heap after GC invocations=99 (full 0):
 garbage-first heap   total 319488K, used 238837K [0x0000000080000000, 0x0000000100000000)
  region size 1024K, 5 young (5120K), 5 survivors (5120K)
 Metaspace       used 134753K, capacity 139392K, committed 139472K, reserved 636928K
  class space    used 17332K, capacity 19249K, committed 19328K, reserved 516096K
}
Event: 78.922 GC heap before
{Heap before GC invocations=99 (full 0):
 garbage-first heap   total 319488K, used 268533K [0x0000000080000000, 0x0000000100000000)
  region size 1024K, 34 young (34816K), 5 survivors (5120K)
 Metaspace       used 134814K, capacity 139432K, committed 139728K, reserved 636928K
  class space    used 17343K, capacity 19261K, committed 19328K, reserved 516096K
}
Event: 78.942 GC heap after
{Heap after GC invocations=100 (full 0):
 garbage-first heap   total 462848K, used 244338K [0x0000000080000000, 0x0000000100000000)
  region size 1024K, 5 young (5120K), 5 survivors (5120K)
 Metaspace       used 134814K, capacity 139432K, committed 139728K, reserved 636928K
  class space    used 17343K, capacity 19261K, committed 19328K, reserved 516096K
}
Event: 79.386 GC heap before
{Heap before GC invocations=101 (full 0):
 garbage-first heap   total 462848K, used 316018K [0x0000000080000000, 0x0000000100000000)
  region size 1024K, 75 young (76800K), 5 survivors (5120K)
 Metaspace       used 135689K, capacity 140233K, committed 140624K, reserved 638976K
  class space    used 17458K, capacity 19318K, committed 19456K, reserved 516096K
}
Event: 79.410 GC heap after
{Heap after GC invocations=102 (full 0):
 garbage-first heap   total 462848K, used 255470K [0x0000000080000000, 0x0000000100000000)
  region size 1024K, 10 young (10240K), 10 survivors (10240K)
 Metaspace       used 135689K, capacity 140233K, committed 140624K, reserved 638976K
  class space    used 17458K, capacity 19318K, committed 19456K, reserved 516096K
}
Event: 80.200 GC heap before
{Heap before GC invocations=102 (full 0):
 garbage-first heap   total 462848K, used 327150K [0x0000000080000000, 0x0000000100000000)
  region size 1024K, 81 young (82944K), 10 survivors (10240K)
 Metaspace       used 138711K, capacity 143610K, committed 143824K, reserved 641024K
  class space    used 18005K, capacity 20011K, committed 20096K, reserved 516096K
}
Event: 80.233 GC heap after
{Heap after GC invocations=103 (full 0):
 garbage-first heap   total 462848K, used 262985K [0x0000000080000000, 0x0000000100000000)
  region size 1024K, 11 young (11264K), 11 survivors (11264K)
 Metaspace       used 138711K, capacity 143610K, committed 143824K, reserved 641024K
  class space    used 18005K, capacity 20011K, committed 20096K, reserved 516096K
}
Event: 81.227 GC heap before
{Heap before GC invocations=104 (full 0):
 garbage-first heap   total 462848K, used 336713K [0x0000000080000000, 0x0000000100000000)
  region size 1024K, 84 young (86016K), 11 survivors (11264K)
 Metaspace       used 139697K, capacity 144351K, committed 145232K, reserved 643072K
  class space    used 17923K, capacity 19774K, committed 20224K, reserved 516096K
}
Event: 81.260 GC heap after
{Heap after GC invocations=105 (full 0):
 garbage-first heap   total 462848K, used 268208K [0x0000000080000000, 0x0000000100000000)
  region size 1024K, 11 young (11264K), 11 survivors (11264K)
 Metaspace       used 139697K, capacity 144351K, committed 145232K, reserved 643072K
  class space    used 17923K, capacity 19774K, committed 20224K, reserved 516096K
}
Event: 81.851 GC heap before
{Heap before GC invocations=105 (full 0):
 garbage-first heap   total 462848K, used 345008K [0x0000000080000000, 0x0000000100000000)
  region size 1024K, 87 young (89088K), 11 survivors (11264K)
 Metaspace       used 140832K, capacity 145602K, committed 146000K, reserved 643072K
  class space    used 18103K, capacity 20021K, committed 20224K, reserved 516096K
}

